[debug] [2024-02-26T09:08:52.271Z] ----------------------------------------------------------------------
[debug] [2024-02-26T09:08:52.273Z] Command:       C:\Program Files\nodejs\node.exe C:\Users\Carlos\AppData\Roaming\npm\node_modules\firebase-tools\lib\bin\firebase.js init
[debug] [2024-02-26T09:08:52.273Z] CLI Version:   13.3.0
[debug] [2024-02-26T09:08:52.273Z] Platform:      win32
[debug] [2024-02-26T09:08:52.273Z] Node Version:  v20.11.1
[debug] [2024-02-26T09:08:52.273Z] Time:          Mon Feb 26 2024 09:08:52 GMT+0000 (Coordinated Universal Time)
[debug] [2024-02-26T09:08:52.273Z] ----------------------------------------------------------------------
[debug] 
[debug] [2024-02-26T09:08:52.275Z] >>> [apiv2][query] GET https://firebase-public.firebaseio.com/cli.json [none]
[debug] [2024-02-26T09:08:52.341Z] > command requires scopes: ["email","openid","https://www.googleapis.com/auth/cloudplatformprojects.readonly","https://www.googleapis.com/auth/firebase","https://www.googleapis.com/auth/cloud-platform"]
[debug] [2024-02-26T09:08:52.341Z] > authorizing via signed-in user (dominguezdopazocarlos@gmail.com)
[info] 
     ######## #### ########  ######## ########     ###     ######  ########
     ##        ##  ##     ## ##       ##     ##  ##   ##  ##       ##
     ######    ##  ########  ######   ########  #########  ######  ######
     ##        ##  ##    ##  ##       ##     ## ##     ##       ## ##
     ##       #### ##     ## ######## ########  ##     ##  ######  ########

You're about to initialize a Firebase project in this directory:

  C:\Users\Carlos\Documents\SmartStudy-Calendar

Before we get started, keep in mind:

  * You are initializing within an existing Firebase project directory

[debug] [2024-02-26T09:08:52.767Z] <<< [apiv2][status] GET https://firebase-public.firebaseio.com/cli.json 200
[debug] [2024-02-26T09:08:52.767Z] <<< [apiv2][body] GET https://firebase-public.firebaseio.com/cli.json {"cloudBuildErrorAfter":1594252800000,"cloudBuildWarnAfter":1590019200000,"defaultNode10After":1594252800000,"minVersion":"3.0.5","node8DeploysDisabledAfter":1613390400000,"node8RuntimeDisabledAfter":1615809600000,"node8WarnAfter":1600128000000}
